[07-Dec-2016 06:35:02 UTC] PHP Warning:  Invalid argument supplied for foreach() in /home/u275252467/public_html/app/View/_element/menu.php on line 4
[07-Dec-2016 06:35:03 UTC] PHP Warning:  Invalid argument supplied for foreach() in /home/u275252467/public_html/app/View/_element/menu.php on line 4
[07-Dec-2016 06:50:00 UTC] PHP Warning:  include_once(/home/u275252467/public_html/app/View/_layout/articles.php): failed to open stream: No such file or directory in /home/u275252467/public_html/lib/View/Class.php on line 68
[07-Dec-2016 06:50:00 UTC] PHP Warning:  include_once(): Failed opening '/home/u275252467/public_html/app/View/_layout/articles.php' for inclusion (include_path='/home/u275252467/public_html/lib:/home/u275252467/public_html/app/classes:.:/opt/php-5.5/pear') in /home/u275252467/public_html/lib/View/Class.php on line 68
[07-Dec-2016 06:55:06 UTC] PHP Warning:  Invalid argument supplied for foreach() in /home/u275252467/public_html/app/View/_element/menu.php on line 4
[07-Dec-2016 06:55:06 UTC] PHP Warning:  Invalid argument supplied for foreach() in /home/u275252467/public_html/app/View/_element/menu.php on line 4
[07-Dec-2016 06:55:57 UTC] PHP Warning:  Invalid argument supplied for foreach() in /home/u275252467/public_html/app/View/_element/menu.php on line 4
[07-Dec-2016 06:55:57 UTC] PHP Warning:  Invalid argument supplied for foreach() in /home/u275252467/public_html/app/View/_element/menu.php on line 4
[07-Dec-2016 06:55:58 UTC] PHP Warning:  Invalid argument supplied for foreach() in /home/u275252467/public_html/app/View/_element/menu.php on line 4
[07-Dec-2016 06:55:58 UTC] PHP Warning:  Invalid argument supplied for foreach() in /home/u275252467/public_html/app/View/_element/menu.php on line 4
[07-Dec-2016 06:55:59 UTC] PHP Warning:  Invalid argument supplied for foreach() in /home/u275252467/public_html/app/View/_element/menu.php on line 4
[07-Dec-2016 06:55:59 UTC] PHP Warning:  Invalid argument supplied for foreach() in /home/u275252467/public_html/app/View/_element/menu.php on line 4
[07-Dec-2016 06:55:59 UTC] PHP Warning:  Invalid argument supplied for foreach() in /home/u275252467/public_html/app/View/_element/menu.php on line 4
[07-Dec-2016 06:56:00 UTC] PHP Warning:  Invalid argument supplied for foreach() in /home/u275252467/public_html/app/View/_element/menu.php on line 4
[07-Dec-2016 06:56:03 UTC] PHP Warning:  Invalid argument supplied for foreach() in /home/u275252467/public_html/app/View/_element/menu.php on line 4
[07-Dec-2016 06:56:03 UTC] PHP Warning:  Invalid argument supplied for foreach() in /home/u275252467/public_html/app/View/_element/menu.php on line 4
[07-Dec-2016 06:56:03 UTC] PHP Warning:  Invalid argument supplied for foreach() in /home/u275252467/public_html/app/View/_element/menu.php on line 4
[07-Dec-2016 07:01:24 UTC] PHP Warning:  Invalid argument supplied for foreach() in /home/u275252467/public_html/app/View/_element/menu.php on line 4
[07-Dec-2016 07:36:18 UTC] PHP Parse error:  syntax error, unexpected '++' (T_INC), expecting ')' in /home/u275252467/public_html/app/View/_layout/articles.php on line 13
[07-Dec-2016 07:36:21 UTC] PHP Parse error:  syntax error, unexpected '++' (T_INC), expecting ')' in /home/u275252467/public_html/app/View/_layout/articles.php on line 13
[07-Dec-2016 07:36:27 UTC] PHP Parse error:  syntax error, unexpected '++' (T_INC), expecting ')' in /home/u275252467/public_html/app/View/_layout/articles.php on line 13
[07-Dec-2016 07:36:39 UTC] PHP Parse error:  syntax error, unexpected '++' (T_INC), expecting ')' in /home/u275252467/public_html/app/View/_layout/articles.php on line 13
[07-Dec-2016 07:36:51 UTC] PHP Parse error:  syntax error, unexpected '++' (T_INC), expecting ')' in /home/u275252467/public_html/app/View/_layout/articles.php on line 13
[07-Dec-2016 07:37:11 UTC] PHP Parse error:  syntax error, unexpected '++' (T_INC), expecting ')' in /home/u275252467/public_html/app/View/_layout/articles.php on line 13
[07-Dec-2016 07:37:12 UTC] PHP Parse error:  syntax error, unexpected '++' (T_INC), expecting ')' in /home/u275252467/public_html/app/View/_layout/articles.php on line 13
[07-Dec-2016 07:37:13 UTC] PHP Parse error:  syntax error, unexpected '++' (T_INC), expecting ')' in /home/u275252467/public_html/app/View/_layout/articles.php on line 13
[07-Dec-2016 07:37:13 UTC] PHP Parse error:  syntax error, unexpected '++' (T_INC), expecting ')' in /home/u275252467/public_html/app/View/_layout/articles.php on line 13
[07-Dec-2016 07:37:25 UTC] PHP Parse error:  syntax error, unexpected '++' (T_INC), expecting ')' in /home/u275252467/public_html/app/View/_layout/articles.php on line 13
[07-Dec-2016 07:37:25 UTC] PHP Parse error:  syntax error, unexpected '++' (T_INC), expecting ')' in /home/u275252467/public_html/app/View/_layout/articles.php on line 13
[07-Dec-2016 07:37:25 UTC] PHP Parse error:  syntax error, unexpected '++' (T_INC), expecting ')' in /home/u275252467/public_html/app/View/_layout/articles.php on line 13
[07-Dec-2016 07:38:57 UTC] PHP Parse error:  syntax error, unexpected '++' (T_INC), expecting ')' in /home/u275252467/public_html/app/View/_layout/articles.php on line 13
[07-Dec-2016 07:40:39 UTC] PHP Parse error:  syntax error, unexpected 'echo' (T_ECHO), expecting ',' or ';' in /home/u275252467/public_html/app/View/_layout/articles.php on line 15
[07-Dec-2016 07:40:41 UTC] PHP Parse error:  syntax error, unexpected 'echo' (T_ECHO), expecting ',' or ';' in /home/u275252467/public_html/app/View/_layout/articles.php on line 15
